<?xml version="1.0" encoding="UTF-8"?>
<testng-results ignored="0" total="1" passed="0" failed="0" skipped="1">
  <reporter-output>
  </reporter-output>
  <suite started-at="2020-11-05T22:03:47 PST" name="Default suite" finished-at="2020-11-05T22:04:01 PST" duration-ms="13982">
    <groups>
    </groups>
    <test started-at="2020-11-05T22:03:47 PST" name="Default test" finished-at="2020-11-05T22:04:01 PST" duration-ms="13982">
      <class name="RTPackage.RTTest">
        <test-method is-config="true" signature="launchBrowser()[pri:0, instance:RTPackage.RTTest@38c5cc4c]" started-at="2020-11-05T22:03:47 PST" name="launchBrowser" finished-at="2020-11-05T22:04:01 PST" duration-ms="13935" status="FAIL">
          <exception class="org.openqa.selenium.SessionNotCreatedException">
            <message>
              <![CDATA[session not created
from chrome not reachable
  (Session info: chrome=86.0.4240.183)
Build info: version: '3.141.59', revision: 'e82be7d358', time: '2018-11-14T08:25:48'
System info: host: 'LAPTOP-SHNH7OFQ', ip: '192.168.1.5', os.name: 'Windows 10', os.arch: 'amd64', os.version: '10.0', java.version: '15'
Driver info: driver.version: ChromeDriver
remote stacktrace: Backtrace:
Ordinal0 [0x006FC013+3194899]
Ordinal0 [0x005E6021+2056225]
Ordinal0 [0x0047F4B0+586928]
Ordinal0 [0x00475894+546964]
Ordinal0 [0x00475F2C+548652]
Ordinal0 [0x00477175+553333]
Ordinal0 [0x0047241E+533534]
Ordinal0 [0x00480620+591392]
Ordinal0 [0x00422A0C+207372]
Ordinal0 [0x00421D0D+204045]
Ordinal0 [0x0041FC1B+195611]
Ordinal0 [0x00403B7F+80767]
Ordinal0 [0x00404B4E+84814]
Ordinal0 [0x00404AD9+84697]
Ordinal0 [0x005FCE64+2149988]
GetHandleVerifier [0x0086BE95+1400773]
GetHandleVerifier [0x0086BB61+1399953]
GetHandleVerifier [0x008731FA+1430314]
GetHandleVerifier [0x0086C69F+1402831]
Ordinal0 [0x005F3D61+2112865]
Ordinal0 [0x005FE5CB+2155979]
Ordinal0 [0x005FE6F5+2156277]
Ordinal0 [0x0060F26E+2224750]
BaseThreadInitThunk [0x759AFA29+25]
RtlGetAppContainerNamedObjectPath [0x772075F4+228]
RtlGetAppContainerNamedObjectPath [0x772075C4+180]
]]>
            </message>
            <full-stacktrace>
              <![CDATA[org.openqa.selenium.SessionNotCreatedException: session not created
from chrome not reachable
  (Session info: chrome=86.0.4240.183)
Build info: version: '3.141.59', revision: 'e82be7d358', time: '2018-11-14T08:25:48'
System info: host: 'LAPTOP-SHNH7OFQ', ip: '192.168.1.5', os.name: 'Windows 10', os.arch: 'amd64', os.version: '10.0', java.version: '15'
Driver info: driver.version: ChromeDriver
remote stacktrace: Backtrace:
Ordinal0 [0x006FC013+3194899]
Ordinal0 [0x005E6021+2056225]
Ordinal0 [0x0047F4B0+586928]
Ordinal0 [0x00475894+546964]
Ordinal0 [0x00475F2C+548652]
Ordinal0 [0x00477175+553333]
Ordinal0 [0x0047241E+533534]
Ordinal0 [0x00480620+591392]
Ordinal0 [0x00422A0C+207372]
Ordinal0 [0x00421D0D+204045]
Ordinal0 [0x0041FC1B+195611]
Ordinal0 [0x00403B7F+80767]
Ordinal0 [0x00404B4E+84814]
Ordinal0 [0x00404AD9+84697]
Ordinal0 [0x005FCE64+2149988]
GetHandleVerifier [0x0086BE95+1400773]
GetHandleVerifier [0x0086BB61+1399953]
GetHandleVerifier [0x008731FA+1430314]
GetHandleVerifier [0x0086C69F+1402831]
Ordinal0 [0x005F3D61+2112865]
Ordinal0 [0x005FE5CB+2155979]
Ordinal0 [0x005FE6F5+2156277]
Ordinal0 [0x0060F26E+2224750]
BaseThreadInitThunk [0x759AFA29+25]
RtlGetAppContainerNamedObjectPath [0x772075F4+228]
RtlGetAppContainerNamedObjectPath [0x772075C4+180]

at java.base/jdk.internal.reflect.NativeConstructorAccessorImpl.newInstance0(Native Method)
at java.base/jdk.internal.reflect.NativeConstructorAccessorImpl.newInstance(NativeConstructorAccessorImpl.java:64)
at java.base/jdk.internal.reflect.DelegatingConstructorAccessorImpl.newInstance(DelegatingConstructorAccessorImpl.java:45)
at java.base/java.lang.reflect.Constructor.newInstanceWithCaller(Constructor.java:500)
at java.base/java.lang.reflect.Constructor.newInstance(Constructor.java:481)
at org.openqa.selenium.remote.W3CHandshakeResponse.lambda$errorHandler$0(W3CHandshakeResponse.java:62)
at org.openqa.selenium.remote.HandshakeResponse.lambda$getResponseFunction$0(HandshakeResponse.java:30)
at org.openqa.selenium.remote.ProtocolHandshake.lambda$createSession$0(ProtocolHandshake.java:126)
at java.base/java.util.stream.ReferencePipeline$3$1.accept(ReferencePipeline.java:195)
at java.base/java.util.Spliterators$ArraySpliterator.tryAdvance(Spliterators.java:958)
at java.base/java.util.stream.ReferencePipeline.forEachWithCancel(ReferencePipeline.java:127)
at java.base/java.util.stream.AbstractPipeline.copyIntoWithCancel(AbstractPipeline.java:502)
at java.base/java.util.stream.AbstractPipeline.copyInto(AbstractPipeline.java:488)
at java.base/java.util.stream.AbstractPipeline.wrapAndCopyInto(AbstractPipeline.java:474)
at java.base/java.util.stream.FindOps$FindOp.evaluateSequential(FindOps.java:150)
at java.base/java.util.stream.AbstractPipeline.evaluate(AbstractPipeline.java:234)
at java.base/java.util.stream.ReferencePipeline.findFirst(ReferencePipeline.java:543)
at org.openqa.selenium.remote.ProtocolHandshake.createSession(ProtocolHandshake.java:128)
at org.openqa.selenium.remote.ProtocolHandshake.createSession(ProtocolHandshake.java:74)
at org.openqa.selenium.remote.HttpCommandExecutor.execute(HttpCommandExecutor.java:136)
at org.openqa.selenium.remote.service.DriverCommandExecutor.execute(DriverCommandExecutor.java:83)
at org.openqa.selenium.remote.RemoteWebDriver.execute(RemoteWebDriver.java:552)
at org.openqa.selenium.remote.RemoteWebDriver.startSession(RemoteWebDriver.java:213)
at org.openqa.selenium.remote.RemoteWebDriver.<init>(RemoteWebDriver.java:131)
at org.openqa.selenium.chrome.ChromeDriver.<init>(ChromeDriver.java:181)
at org.openqa.selenium.chrome.ChromeDriver.<init>(ChromeDriver.java:168)
at org.openqa.selenium.chrome.ChromeDriver.<init>(ChromeDriver.java:123)
at RTPackage.RTTest.launchBrowser(RTTest.java:21)
at java.base/jdk.internal.reflect.NativeMethodAccessorImpl.invoke0(Native Method)
at java.base/jdk.internal.reflect.NativeMethodAccessorImpl.invoke(NativeMethodAccessorImpl.java:64)
at java.base/jdk.internal.reflect.DelegatingMethodAccessorImpl.invoke(DelegatingMethodAccessorImpl.java:43)
at java.base/java.lang.reflect.Method.invoke(Method.java:564)
at org.testng.internal.MethodInvocationHelper.invokeMethod(MethodInvocationHelper.java:132)
at org.testng.internal.MethodInvocationHelper.invokeMethodConsideringTimeout(MethodInvocationHelper.java:61)
at org.testng.internal.ConfigInvoker.invokeConfigurationMethod(ConfigInvoker.java:366)
at org.testng.internal.ConfigInvoker.invokeConfigurations(ConfigInvoker.java:320)
at org.testng.TestRunner.invokeTestConfigurations(TestRunner.java:617)
at org.testng.TestRunner.beforeRun(TestRunner.java:607)
at org.testng.TestRunner.run(TestRunner.java:578)
at org.testng.SuiteRunner.runTest(SuiteRunner.java:384)
at org.testng.SuiteRunner.runSequentially(SuiteRunner.java:378)
at org.testng.SuiteRunner.privateRun(SuiteRunner.java:337)
at org.testng.SuiteRunner.run(SuiteRunner.java:286)
at org.testng.SuiteRunnerWorker.runSuite(SuiteRunnerWorker.java:53)
at org.testng.SuiteRunnerWorker.run(SuiteRunnerWorker.java:96)
at org.testng.TestNG.runSuitesSequentially(TestNG.java:1218)
at org.testng.TestNG.runSuitesLocally(TestNG.java:1140)
at org.testng.TestNG.runSuites(TestNG.java:1069)
at org.testng.TestNG.run(TestNG.java:1037)
at org.testng.remote.AbstractRemoteTestNG.run(AbstractRemoteTestNG.java:115)
at org.testng.remote.RemoteTestNG.initAndRun(RemoteTestNG.java:251)
at org.testng.remote.RemoteTestNG.main(RemoteTestNG.java:77)
]]>
            </full-stacktrace>
          </exception> <!-- org.openqa.selenium.SessionNotCreatedException -->
          <reporter-output>
          </reporter-output>
        </test-method> <!-- launchBrowser -->
        <test-method is-config="true" signature="clickSearchIcon()[pri:0, instance:RTPackage.RTTest@38c5cc4c]" started-at="2020-11-05T22:04:01 PST" name="clickSearchIcon" finished-at="1969-12-31T16:00:00 PST" duration-ms="-1604642641460" status="SKIP">
          <reporter-output>
          </reporter-output>
        </test-method> <!-- clickSearchIcon -->
        <test-method signature="searchTest()[pri:0, instance:RTPackage.RTTest@38c5cc4c]" started-at="2020-11-05T22:04:01 PST" name="searchTest" finished-at="2020-11-05T22:04:01 PST" duration-ms="0" status="SKIP">
          <exception class="org.openqa.selenium.SessionNotCreatedException">
            <message>
              <![CDATA[session not created
from chrome not reachable
  (Session info: chrome=86.0.4240.183)
Build info: version: '3.141.59', revision: 'e82be7d358', time: '2018-11-14T08:25:48'
System info: host: 'LAPTOP-SHNH7OFQ', ip: '192.168.1.5', os.name: 'Windows 10', os.arch: 'amd64', os.version: '10.0', java.version: '15'
Driver info: driver.version: ChromeDriver
remote stacktrace: Backtrace:
Ordinal0 [0x006FC013+3194899]
Ordinal0 [0x005E6021+2056225]
Ordinal0 [0x0047F4B0+586928]
Ordinal0 [0x00475894+546964]
Ordinal0 [0x00475F2C+548652]
Ordinal0 [0x00477175+553333]
Ordinal0 [0x0047241E+533534]
Ordinal0 [0x00480620+591392]
Ordinal0 [0x00422A0C+207372]
Ordinal0 [0x00421D0D+204045]
Ordinal0 [0x0041FC1B+195611]
Ordinal0 [0x00403B7F+80767]
Ordinal0 [0x00404B4E+84814]
Ordinal0 [0x00404AD9+84697]
Ordinal0 [0x005FCE64+2149988]
GetHandleVerifier [0x0086BE95+1400773]
GetHandleVerifier [0x0086BB61+1399953]
GetHandleVerifier [0x008731FA+1430314]
GetHandleVerifier [0x0086C69F+1402831]
Ordinal0 [0x005F3D61+2112865]
Ordinal0 [0x005FE5CB+2155979]
Ordinal0 [0x005FE6F5+2156277]
Ordinal0 [0x0060F26E+2224750]
BaseThreadInitThunk [0x759AFA29+25]
RtlGetAppContainerNamedObjectPath [0x772075F4+228]
RtlGetAppContainerNamedObjectPath [0x772075C4+180]
]]>
            </message>
            <full-stacktrace>
              <![CDATA[org.openqa.selenium.SessionNotCreatedException: session not created
from chrome not reachable
  (Session info: chrome=86.0.4240.183)
Build info: version: '3.141.59', revision: 'e82be7d358', time: '2018-11-14T08:25:48'
System info: host: 'LAPTOP-SHNH7OFQ', ip: '192.168.1.5', os.name: 'Windows 10', os.arch: 'amd64', os.version: '10.0', java.version: '15'
Driver info: driver.version: ChromeDriver
remote stacktrace: Backtrace:
Ordinal0 [0x006FC013+3194899]
Ordinal0 [0x005E6021+2056225]
Ordinal0 [0x0047F4B0+586928]
Ordinal0 [0x00475894+546964]
Ordinal0 [0x00475F2C+548652]
Ordinal0 [0x00477175+553333]
Ordinal0 [0x0047241E+533534]
Ordinal0 [0x00480620+591392]
Ordinal0 [0x00422A0C+207372]
Ordinal0 [0x00421D0D+204045]
Ordinal0 [0x0041FC1B+195611]
Ordinal0 [0x00403B7F+80767]
Ordinal0 [0x00404B4E+84814]
Ordinal0 [0x00404AD9+84697]
Ordinal0 [0x005FCE64+2149988]
GetHandleVerifier [0x0086BE95+1400773]
GetHandleVerifier [0x0086BB61+1399953]
GetHandleVerifier [0x008731FA+1430314]
GetHandleVerifier [0x0086C69F+1402831]
Ordinal0 [0x005F3D61+2112865]
Ordinal0 [0x005FE5CB+2155979]
Ordinal0 [0x005FE6F5+2156277]
Ordinal0 [0x0060F26E+2224750]
BaseThreadInitThunk [0x759AFA29+25]
RtlGetAppContainerNamedObjectPath [0x772075F4+228]
RtlGetAppContainerNamedObjectPath [0x772075C4+180]

at java.base/jdk.internal.reflect.NativeConstructorAccessorImpl.newInstance0(Native Method)
at java.base/jdk.internal.reflect.NativeConstructorAccessorImpl.newInstance(NativeConstructorAccessorImpl.java:64)
at java.base/jdk.internal.reflect.DelegatingConstructorAccessorImpl.newInstance(DelegatingConstructorAccessorImpl.java:45)
at java.base/java.lang.reflect.Constructor.newInstanceWithCaller(Constructor.java:500)
at java.base/java.lang.reflect.Constructor.newInstance(Constructor.java:481)
at org.openqa.selenium.remote.W3CHandshakeResponse.lambda$errorHandler$0(W3CHandshakeResponse.java:62)
at org.openqa.selenium.remote.HandshakeResponse.lambda$getResponseFunction$0(HandshakeResponse.java:30)
at org.openqa.selenium.remote.ProtocolHandshake.lambda$createSession$0(ProtocolHandshake.java:126)
at java.base/java.util.stream.ReferencePipeline$3$1.accept(ReferencePipeline.java:195)
at java.base/java.util.Spliterators$ArraySpliterator.tryAdvance(Spliterators.java:958)
at java.base/java.util.stream.ReferencePipeline.forEachWithCancel(ReferencePipeline.java:127)
at java.base/java.util.stream.AbstractPipeline.copyIntoWithCancel(AbstractPipeline.java:502)
at java.base/java.util.stream.AbstractPipeline.copyInto(AbstractPipeline.java:488)
at java.base/java.util.stream.AbstractPipeline.wrapAndCopyInto(AbstractPipeline.java:474)
at java.base/java.util.stream.FindOps$FindOp.evaluateSequential(FindOps.java:150)
at java.base/java.util.stream.AbstractPipeline.evaluate(AbstractPipeline.java:234)
at java.base/java.util.stream.ReferencePipeline.findFirst(ReferencePipeline.java:543)
at org.openqa.selenium.remote.ProtocolHandshake.createSession(ProtocolHandshake.java:128)
at org.openqa.selenium.remote.ProtocolHandshake.createSession(ProtocolHandshake.java:74)
at org.openqa.selenium.remote.HttpCommandExecutor.execute(HttpCommandExecutor.java:136)
at org.openqa.selenium.remote.service.DriverCommandExecutor.execute(DriverCommandExecutor.java:83)
at org.openqa.selenium.remote.RemoteWebDriver.execute(RemoteWebDriver.java:552)
at org.openqa.selenium.remote.RemoteWebDriver.startSession(RemoteWebDriver.java:213)
at org.openqa.selenium.remote.RemoteWebDriver.<init>(RemoteWebDriver.java:131)
at org.openqa.selenium.chrome.ChromeDriver.<init>(ChromeDriver.java:181)
at org.openqa.selenium.chrome.ChromeDriver.<init>(ChromeDriver.java:168)
at org.openqa.selenium.chrome.ChromeDriver.<init>(ChromeDriver.java:123)
at RTPackage.RTTest.launchBrowser(RTTest.java:21)
at java.base/jdk.internal.reflect.NativeMethodAccessorImpl.invoke0(Native Method)
at java.base/jdk.internal.reflect.NativeMethodAccessorImpl.invoke(NativeMethodAccessorImpl.java:64)
at java.base/jdk.internal.reflect.DelegatingMethodAccessorImpl.invoke(DelegatingMethodAccessorImpl.java:43)
at java.base/java.lang.reflect.Method.invoke(Method.java:564)
at org.testng.internal.MethodInvocationHelper.invokeMethod(MethodInvocationHelper.java:132)
at org.testng.internal.MethodInvocationHelper.invokeMethodConsideringTimeout(MethodInvocationHelper.java:61)
at org.testng.internal.ConfigInvoker.invokeConfigurationMethod(ConfigInvoker.java:366)
at org.testng.internal.ConfigInvoker.invokeConfigurations(ConfigInvoker.java:320)
at org.testng.TestRunner.invokeTestConfigurations(TestRunner.java:617)
at org.testng.TestRunner.beforeRun(TestRunner.java:607)
at org.testng.TestRunner.run(TestRunner.java:578)
at org.testng.SuiteRunner.runTest(SuiteRunner.java:384)
at org.testng.SuiteRunner.runSequentially(SuiteRunner.java:378)
at org.testng.SuiteRunner.privateRun(SuiteRunner.java:337)
at org.testng.SuiteRunner.run(SuiteRunner.java:286)
at org.testng.SuiteRunnerWorker.runSuite(SuiteRunnerWorker.java:53)
at org.testng.SuiteRunnerWorker.run(SuiteRunnerWorker.java:96)
at org.testng.TestNG.runSuitesSequentially(TestNG.java:1218)
at org.testng.TestNG.runSuitesLocally(TestNG.java:1140)
at org.testng.TestNG.runSuites(TestNG.java:1069)
at org.testng.TestNG.run(TestNG.java:1037)
at org.testng.remote.AbstractRemoteTestNG.run(AbstractRemoteTestNG.java:115)
at org.testng.remote.RemoteTestNG.initAndRun(RemoteTestNG.java:251)
at org.testng.remote.RemoteTestNG.main(RemoteTestNG.java:77)
]]>
            </full-stacktrace>
          </exception> <!-- org.openqa.selenium.SessionNotCreatedException -->
          <reporter-output>
          </reporter-output>
        </test-method> <!-- searchTest -->
        <test-method is-config="true" signature="terminateBrowser()[pri:0, instance:RTPackage.RTTest@38c5cc4c]" started-at="2020-11-05T22:04:01 PST" name="terminateBrowser" finished-at="1969-12-31T16:00:00 PST" duration-ms="-1604642641469" status="SKIP">
          <reporter-output>
          </reporter-output>
        </test-method> <!-- terminateBrowser -->
      </class> <!-- RTPackage.RTTest -->
    </test> <!-- Default test -->
  </suite> <!-- Default suite -->
</testng-results>
