<?xml version="1.0" encoding="UTF-8"?>
<testng-results ignored="0" total="2" passed="1" failed="1" skipped="0">
  <reporter-output>
  </reporter-output>
  <suite started-at="2020-11-18T22:02:45 PST" name="Default suite" finished-at="2020-11-18T22:03:01 PST" duration-ms="15730">
    <groups>
    </groups>
    <test started-at="2020-11-18T22:02:45 PST" name="Default test" finished-at="2020-11-18T22:03:01 PST" duration-ms="15730">
      <class name="test.day1Test">
        <test-method is-config="true" signature="launchBrowser()[pri:0, instance:test.day1Test@5bfa9431]" started-at="2020-11-18T22:02:45 PST" name="launchBrowser" finished-at="2020-11-18T22:02:54 PST" duration-ms="8994" status="PASS">
          <reporter-output>
          </reporter-output>
        </test-method> <!-- launchBrowser -->
        <test-method signature="verifyHomePage()[pri:0, instance:test.day1Test@5bfa9431]" started-at="2020-11-18T22:02:54 PST" name="verifyHomePage" finished-at="2020-11-18T22:02:54 PST" duration-ms="74" status="FAIL">
          <exception class="java.lang.AssertionError">
            <message>
              <![CDATA[expected:<gfhfg> but was:<THIS IS DEMO SITE FOR   >]]>
            </message>
            <full-stacktrace>
              <![CDATA[java.lang.AssertionError: expected:<gfhfg> but was:<THIS IS DEMO SITE FOR   >
at org.testng.AssertJUnit.assertEquals(AssertJUnit.java:115)
at org.testng.AssertJUnit.assertEquals(AssertJUnit.java:125)
at test.day1Test.verifyHomePage(day1Test.java:53)
at java.base/jdk.internal.reflect.NativeMethodAccessorImpl.invoke0(Native Method)
at java.base/jdk.internal.reflect.NativeMethodAccessorImpl.invoke(NativeMethodAccessorImpl.java:64)
at java.base/jdk.internal.reflect.DelegatingMethodAccessorImpl.invoke(DelegatingMethodAccessorImpl.java:43)
at java.base/java.lang.reflect.Method.invoke(Method.java:564)
at org.testng.internal.MethodInvocationHelper.invokeMethod(MethodInvocationHelper.java:132)
at org.testng.internal.TestInvoker.invokeMethod(TestInvoker.java:599)
at org.testng.internal.TestInvoker.invokeTestMethod(TestInvoker.java:174)
at org.testng.internal.MethodRunner.runInSequence(MethodRunner.java:46)
at org.testng.internal.TestInvoker$MethodInvocationAgent.invoke(TestInvoker.java:822)
at org.testng.internal.TestInvoker.invokeTestMethods(TestInvoker.java:147)
at org.testng.internal.TestMethodWorker.invokeTestMethods(TestMethodWorker.java:146)
at org.testng.internal.TestMethodWorker.run(TestMethodWorker.java:128)
at java.base/java.util.ArrayList.forEach(ArrayList.java:1511)
at org.testng.TestRunner.privateRun(TestRunner.java:764)
at org.testng.TestRunner.run(TestRunner.java:585)
at org.testng.SuiteRunner.runTest(SuiteRunner.java:384)
at org.testng.SuiteRunner.runSequentially(SuiteRunner.java:378)
at org.testng.SuiteRunner.privateRun(SuiteRunner.java:337)
at org.testng.SuiteRunner.run(SuiteRunner.java:286)
at org.testng.SuiteRunnerWorker.runSuite(SuiteRunnerWorker.java:53)
at org.testng.SuiteRunnerWorker.run(SuiteRunnerWorker.java:96)
at org.testng.TestNG.runSuitesSequentially(TestNG.java:1218)
at org.testng.TestNG.runSuitesLocally(TestNG.java:1140)
at org.testng.TestNG.runSuites(TestNG.java:1069)
at org.testng.TestNG.run(TestNG.java:1037)
at org.testng.remote.AbstractRemoteTestNG.run(AbstractRemoteTestNG.java:115)
at org.testng.remote.RemoteTestNG.initAndRun(RemoteTestNG.java:251)
at org.testng.remote.RemoteTestNG.main(RemoteTestNG.java:77)
]]>
            </full-stacktrace>
          </exception> <!-- java.lang.AssertionError -->
          <reporter-output>
          </reporter-output>
        </test-method> <!-- verifyHomePage -->
        <test-method signature="verifyMobilePage()[pri:0, instance:test.day1Test@5bfa9431]" started-at="2020-11-18T22:02:54 PST" name="verifyMobilePage" finished-at="2020-11-18T22:02:58 PST" duration-ms="3477" status="PASS">
          <reporter-output>
          </reporter-output>
        </test-method> <!-- verifyMobilePage -->
        <test-method is-config="true" signature="terminateBrowser()[pri:0, instance:test.day1Test@5bfa9431]" started-at="2020-11-18T22:02:58 PST" name="terminateBrowser" finished-at="2020-11-18T22:03:01 PST" duration-ms="3122" status="PASS">
          <reporter-output>
          </reporter-output>
        </test-method> <!-- terminateBrowser -->
      </class> <!-- test.day1Test -->
    </test> <!-- Default test -->
  </suite> <!-- Default suite -->
</testng-results>
